{"name": "test_buy_laptop", "status": "broken", "statusDetails": {"message": "selenium.common.exceptions.TimeoutException: Message: \nStacktrace:\n\tGetHandleVerifier [0x00BF4DE3+43907]\n\t(No symbol) [0x00B80741]\n\t(No symbol) [0x00A733ED]\n\t(No symbol) [0x00AA6760]\n\t(No symbol) [0x00AA6C2B]\n\t(No symbol) [0x00AD6F62]\n\t(No symbol) [0x00AC2BA4]\n\t(No symbol) [0x00AD55CA]\n\t(No symbol) [0x00AC2956]\n\t(No symbol) [0x00A9E17E]\n\t(No symbol) [0x00A9F32D]\n\tGetHandleVerifier [0x00EA5AF9+2865305]\n\tGetHandleVerifier [0x00EEE78B+3163435]\n\tGetHandleVerifier [0x00EE8441+3138017]\n\tGetHandleVerifier [0x00C7E0F0+605840]\n\t(No symbol) [0x00B8A64C]\n\t(No symbol) [0x00B86638]\n\t(No symbol) [0x00B8675F]\n\t(No symbol) [0x00B78DB7]\n\tBaseThreadInitThunk [0x7656FCC9+25]\n\tRtlGetAppContainerNamedObjectPath [0x77E37C6E+286]\n\tRtlGetAppContainerNamedObjectPath [0x77E37C3E+238]", "trace": "set_up = None\n\n    @allure.description(\"Test buy laptop\")\n    def test_buy_laptop(set_up):\n        options = webdriver.ChromeOptions()\n        options.add_experimental_option(\"detach\", True)\n        g = Service('C:\\\\PyCharmProjects\\\\1\\\\chromedriver.exe')\n        driver_g = webdriver.Chrome(options=options, service=g)\n        options.add_argument('--ignore-certificate-errors')\n        options.add_argument('--ignore-ssl-errors')\n        options.add_experimental_option('excludeSwitches', ['enable-logging'])\n    \n        \"\"\"Pages\"\"\"\n        main_page = MainPage(driver_g)\n        catalog_page = CatalogPage(driver_g)\n        comparison_page = ComparisonPage(driver_g)\n        laptop_page = LaptopPage(driver_g)\n        cart_page = CartPage(driver_g)\n        order_page = OrderPage(driver_g)\n    \n        \"\"\"Test run\"\"\"\n        main_page.open_website()\n        main_page.open_catalog()\n        catalog_page.open_computers_and_networks()\n        catalog_page.open_laptops_computers_monitors()\n        catalog_page.open_laptops()\n        catalog_page.close_popover()\n        catalog_page.check_laptops_title()\n        catalog_page.confirm_city()\n        catalog_page.check_city()\n        catalog_page.add_first_product_to_comparison()\n        catalog_page.open_comparison_page()\n        # catalog_page.check_name_of_first_product_comparison()\n>       comparison_page.select_offer()\n\ntests\\test_buy_laptop.py:130: \n_ _ _ _ _ _ _ _ _ _ _ _ _ _ _ _ _ _ _ _ _ _ _ _ _ _ _ _ _ _ _ _ _ _ _ _ _ _ _ _ _ _ _ _ _ _ _ _ _ _ _ _ _ _ _ _ _ _ _ _ _ _ _ _ _ _ _ _ _ _ _ _ _ _ _ _ _ _ _ _ _ _ _ _ _ _ _ _ _ _ _ _ _ _ _ _ _ _ _ _ _ _ _ _ _ _ _ _ _ _ _ _ _ _ _ _\npages\\comparison_page.py:69: in select_offer\n    self.click_amount_of_offers_second_product_comparison()\npages\\comparison_page.py:42: in click_amount_of_offers_second_product_comparison\n    self.get_amount_of_offers_second_product_comparison().click()\npages\\comparison_page.py:35: in get_amount_of_offers_second_product_comparison\n    return WebDriverWait(self.driver_g, 10).until(expected_conditions.element_to_be_clickable((By.XPATH, self.amount_of_offers_second_product_comparison)))\n_ _ _ _ _ _ _ _ _ _ _ _ _ _ _ _ _ _ _ _ _ _ _ _ _ _ _ _ _ _ _ _ _ _ _ _ _ _ _ _ _ _ _ _ _ _ _ _ _ _ _ _ _ _ _ _ _ _ _ _ _ _ _ _ _ _ _ _ _ _ _ _ _ _ _ _ _ _ _ _ _ _ _ _ _ _ _ _ _ _ _ _ _ _ _ _ _ _ _ _ _ _ _ _ _ _ _ _ _ _ _ _ _ _ _ _\n\nself = <selenium.webdriver.support.wait.WebDriverWait (session=\"4d1815c37a8f12e7d87fcecf2e2968a8\")>, method = <function element_to_be_clickable.<locals>._predicate at 0x0000025F02463100>, message = ''\n\n    def until(self, method, message: str = \"\"):\n        \"\"\"Calls the method provided with the driver as an argument until the \\\n        return value does not evaluate to ``False``.\n    \n        :param method: callable(WebDriver)\n        :param message: optional message for :exc:`TimeoutException`\n        :returns: the result of the last call to `method`\n        :raises: :exc:`selenium.common.exceptions.TimeoutException` if timeout occurs\n        \"\"\"\n        screen = None\n        stacktrace = None\n    \n        end_time = time.monotonic() + self._timeout\n        while True:\n            try:\n                value = method(self._driver)\n                if value:\n                    return value\n            except self._ignored_exceptions as exc:\n                screen = getattr(exc, \"screen\", None)\n                stacktrace = getattr(exc, \"stacktrace\", None)\n            time.sleep(self._poll)\n            if time.monotonic() > end_time:\n                break\n>       raise TimeoutException(message, screen, stacktrace)\nE       selenium.common.exceptions.TimeoutException: Message: \nE       Stacktrace:\nE       \tGetHandleVerifier [0x00BF4DE3+43907]\nE       \t(No symbol) [0x00B80741]\nE       \t(No symbol) [0x00A733ED]\nE       \t(No symbol) [0x00AA6760]\nE       \t(No symbol) [0x00AA6C2B]\nE       \t(No symbol) [0x00AD6F62]\nE       \t(No symbol) [0x00AC2BA4]\nE       \t(No symbol) [0x00AD55CA]\nE       \t(No symbol) [0x00AC2956]\nE       \t(No symbol) [0x00A9E17E]\nE       \t(No symbol) [0x00A9F32D]\nE       \tGetHandleVerifier [0x00EA5AF9+2865305]\nE       \tGetHandleVerifier [0x00EEE78B+3163435]\nE       \tGetHandleVerifier [0x00EE8441+3138017]\nE       \tGetHandleVerifier [0x00C7E0F0+605840]\nE       \t(No symbol) [0x00B8A64C]\nE       \t(No symbol) [0x00B86638]\nE       \t(No symbol) [0x00B8675F]\nE       \t(No symbol) [0x00B78DB7]\nE       \tBaseThreadInitThunk [0x7656FCC9+25]\nE       \tRtlGetAppContainerNamedObjectPath [0x77E37C6E+286]\nE       \tRtlGetAppContainerNamedObjectPath [0x77E37C3E+238]\n\nC:\\Users\\Veranika Rudzianok\\AppData\\Local\\Programs\\Python\\Python311\\Lib\\site-packages\\selenium\\webdriver\\support\\wait.py:95: TimeoutException"}, "description": "Test buy laptop", "steps": [{"name": "Open website", "status": "passed", "start": 1697996024698, "stop": 1697996028845}, {"name": "Open Catalog page", "status": "passed", "start": 1697996028845, "stop": 1697996030264}, {"name": "Open computers and networks", "status": "passed", "start": 1697996030264, "stop": 1697996030401}, {"name": "Open laptops, computers, monitors", "status": "passed", "start": 1697996030401, "stop": 1697996030526}, {"name": "Open laptops", "status": "passed", "start": 1697996030526, "stop": 1697996032973}, {"name": "Close popover", "status": "passed", "start": 1697996032973, "stop": 1697996033388}, {"name": "Check laptops title", "status": "passed", "start": 1697996033388, "stop": 1697996033499}, {"name": "Confirm city", "status": "passed", "start": 1697996033499, "stop": 1697996033639}, {"name": "Check city", "status": "passed", "start": 1697996033639, "stop": 1697996033709}, {"name": "Add first product to comparison", "status": "passed", "start": 1697996033709, "stop": 1697996036889}, {"name": "Open comparison page", "status": "passed", "start": 1697996036889, "stop": 1697996037922}, {"name": "Select offer", "status": "broken", "statusDetails": {"message": "selenium.common.exceptions.TimeoutException: Message: \nStacktrace:\n\tGetHandleVerifier [0x00BF4DE3+43907]\n\t(No symbol) [0x00B80741]\n\t(No symbol) [0x00A733ED]\n\t(No symbol) [0x00AA6760]\n\t(No symbol) [0x00AA6C2B]\n\t(No symbol) [0x00AD6F62]\n\t(No symbol) [0x00AC2BA4]\n\t(No symbol) [0x00AD55CA]\n\t(No symbol) [0x00AC2956]\n\t(No symbol) [0x00A9E17E]\n\t(No symbol) [0x00A9F32D]\n\tGetHandleVerifier [0x00EA5AF9+2865305]\n\tGetHandleVerifier [0x00EEE78B+3163435]\n\tGetHandleVerifier [0x00EE8441+3138017]\n\tGetHandleVerifier [0x00C7E0F0+605840]\n\t(No symbol) [0x00B8A64C]\n\t(No symbol) [0x00B86638]\n\t(No symbol) [0x00B8675F]\n\t(No symbol) [0x00B78DB7]\n\tBaseThreadInitThunk [0x7656FCC9+25]\n\tRtlGetAppContainerNamedObjectPath [0x77E37C6E+286]\n\tRtlGetAppContainerNamedObjectPath [0x77E37C3E+238]\n\n", "trace": "  File \"C:\\PyCharmProjects\\1\\pages\\comparison_page.py\", line 69, in select_offer\n    self.click_amount_of_offers_second_product_comparison()\n  File \"C:\\PyCharmProjects\\1\\pages\\comparison_page.py\", line 42, in click_amount_of_offers_second_product_comparison\n    self.get_amount_of_offers_second_product_comparison().click()\n    ^^^^^^^^^^^^^^^^^^^^^^^^^^^^^^^^^^^^^^^^^^^^^^^^^^^^^\n  File \"C:\\PyCharmProjects\\1\\pages\\comparison_page.py\", line 35, in get_amount_of_offers_second_product_comparison\n    return WebDriverWait(self.driver_g, 10).until(expected_conditions.element_to_be_clickable((By.XPATH, self.amount_of_offers_second_product_comparison)))\n           ^^^^^^^^^^^^^^^^^^^^^^^^^^^^^^^^^^^^^^^^^^^^^^^^^^^^^^^^^^^^^^^^^^^^^^^^^^^^^^^^^^^^^^^^^^^^^^^^^^^^^^^^^^^^^^^^^^^^^^^^^^^^^^^^^^^^^^^^^^^^^^^^\n  File \"C:\\Users\\Veranika Rudzianok\\AppData\\Local\\Programs\\Python\\Python311\\Lib\\site-packages\\selenium\\webdriver\\support\\wait.py\", line 95, in until\n    raise TimeoutException(message, screen, stacktrace)\n"}, "start": 1697996037922, "stop": 1697996048262}], "attachments": [{"name": "stdout", "source": "e7cd6523-41d3-4dad-82bd-d40bd38c6990-attachment.txt", "type": "text/plain"}], "start": 1697996022325, "stop": 1697996048263, "uuid": "aba3ccd0-c95b-437d-9a41-1df60fe852fd", "historyId": "ecf0dddd39450c7d4d990ad127df7563", "testCaseId": "ecf0dddd39450c7d4d990ad127df7563", "fullName": "tests.test_buy_laptop#test_buy_laptop", "labels": [{"name": "parentSuite", "value": "tests"}, {"name": "suite", "value": "test_buy_laptop"}, {"name": "host", "value": "DESKTOP-K83B305"}, {"name": "thread", "value": "24124-MainThread"}, {"name": "framework", "value": "pytest"}, {"name": "language", "value": "cpython3"}, {"name": "package", "value": "tests.test_buy_laptop"}]}