{"name": "test_navigation_bar", "status": "broken", "statusDetails": {"message": "selenium.common.exceptions.TimeoutException: Message: \nStacktrace:\n\tGetHandleVerifier [0x00BF4DE3+43907]\n\t(No symbol) [0x00B80741]\n\t(No symbol) [0x00A733ED]\n\t(No symbol) [0x00AA6760]\n\t(No symbol) [0x00AA6C2B]\n\t(No symbol) [0x00AD6F62]\n\t(No symbol) [0x00AC2BA4]\n\t(No symbol) [0x00AD55CA]\n\t(No symbol) [0x00AC2956]\n\t(No symbol) [0x00A9E17E]\n\t(No symbol) [0x00A9F32D]\n\tGetHandleVerifier [0x00EA5AF9+2865305]\n\tGetHandleVerifier [0x00EEE78B+3163435]\n\tGetHandleVerifier [0x00EE8441+3138017]\n\tGetHandleVerifier [0x00C7E0F0+605840]\n\t(No symbol) [0x00B8A64C]\n\t(No symbol) [0x00B86638]\n\t(No symbol) [0x00B8675F]\n\t(No symbol) [0x00B78DB7]\n\tBaseThreadInitThunk [0x7656FCC9+25]\n\tRtlGetAppContainerNamedObjectPath [0x77E37C6E+286]\n\tRtlGetAppContainerNamedObjectPath [0x77E37C3E+238]", "trace": "set_up = None\n\n    @allure.description(\"Test navigation bar\")\n    def test_navigation_bar(set_up):\n        options = webdriver.ChromeOptions()\n        options.add_experimental_option(\"detach\", True)\n        g = Service('C:\\\\PyCharmProjects\\\\1\\\\chromedriver.exe')\n        driver_g = webdriver.Chrome(options=options, service=g)\n        options.add_argument('--ignore-certificate-errors')\n        options.add_argument('--ignore-ssl-errors')\n        options.add_experimental_option('excludeSwitches', ['enable-logging'])\n    \n        \"\"\"Pages\"\"\"\n        main_page = MainPage(driver_g)\n    \n        \"\"\"Test run\"\"\"\n        main_page.open_website()\n        main_page.refresh_via_top_logo()\n        main_page.open_news()\n        main_page.open_auto_flea_market()\n        main_page.open_houses_and_apartments()\n>       main_page.open_services()\n\ntests\\test_buy_laptop.py:33: \n_ _ _ _ _ _ _ _ _ _ _ _ _ _ _ _ _ _ _ _ _ _ _ _ _ _ _ _ _ _ _ _ _ _ _ _ _ _ _ _ _ _ _ _ _ _ _ _ _ _ _ _ _ _ _ _ _ _ _ _ _ _ _ _ _ _ _ _ _ _ _ _ _ _ _ _ _ _ _ _ _ _ _ _ _ _ _ _ _ _ _ _ _ _ _ _ _ _ _ _ _ _ _ _ _ _ _ _ _ _ _ _ _ _ _ _\npages\\main_page.py:129: in open_services\n    self.click_open_services_button()\npages\\main_page.py:75: in click_open_services_button\n    self.get_open_services_button().click()\npages\\main_page.py:45: in get_open_services_button\n    return WebDriverWait(self.driver_g, 10).until(expected_conditions.element_to_be_clickable((By.XPATH, self.open_services_button)))\n_ _ _ _ _ _ _ _ _ _ _ _ _ _ _ _ _ _ _ _ _ _ _ _ _ _ _ _ _ _ _ _ _ _ _ _ _ _ _ _ _ _ _ _ _ _ _ _ _ _ _ _ _ _ _ _ _ _ _ _ _ _ _ _ _ _ _ _ _ _ _ _ _ _ _ _ _ _ _ _ _ _ _ _ _ _ _ _ _ _ _ _ _ _ _ _ _ _ _ _ _ _ _ _ _ _ _ _ _ _ _ _ _ _ _ _\n\nself = <selenium.webdriver.support.wait.WebDriverWait (session=\"a0436baab18719412cd25cbc58711f8a\")>, method = <function element_to_be_clickable.<locals>._predicate at 0x0000025F0203D580>, message = ''\n\n    def until(self, method, message: str = \"\"):\n        \"\"\"Calls the method provided with the driver as an argument until the \\\n        return value does not evaluate to ``False``.\n    \n        :param method: callable(WebDriver)\n        :param message: optional message for :exc:`TimeoutException`\n        :returns: the result of the last call to `method`\n        :raises: :exc:`selenium.common.exceptions.TimeoutException` if timeout occurs\n        \"\"\"\n        screen = None\n        stacktrace = None\n    \n        end_time = time.monotonic() + self._timeout\n        while True:\n            try:\n                value = method(self._driver)\n                if value:\n                    return value\n            except self._ignored_exceptions as exc:\n                screen = getattr(exc, \"screen\", None)\n                stacktrace = getattr(exc, \"stacktrace\", None)\n            time.sleep(self._poll)\n            if time.monotonic() > end_time:\n                break\n>       raise TimeoutException(message, screen, stacktrace)\nE       selenium.common.exceptions.TimeoutException: Message: \nE       Stacktrace:\nE       \tGetHandleVerifier [0x00BF4DE3+43907]\nE       \t(No symbol) [0x00B80741]\nE       \t(No symbol) [0x00A733ED]\nE       \t(No symbol) [0x00AA6760]\nE       \t(No symbol) [0x00AA6C2B]\nE       \t(No symbol) [0x00AD6F62]\nE       \t(No symbol) [0x00AC2BA4]\nE       \t(No symbol) [0x00AD55CA]\nE       \t(No symbol) [0x00AC2956]\nE       \t(No symbol) [0x00A9E17E]\nE       \t(No symbol) [0x00A9F32D]\nE       \tGetHandleVerifier [0x00EA5AF9+2865305]\nE       \tGetHandleVerifier [0x00EEE78B+3163435]\nE       \tGetHandleVerifier [0x00EE8441+3138017]\nE       \tGetHandleVerifier [0x00C7E0F0+605840]\nE       \t(No symbol) [0x00B8A64C]\nE       \t(No symbol) [0x00B86638]\nE       \t(No symbol) [0x00B8675F]\nE       \t(No symbol) [0x00B78DB7]\nE       \tBaseThreadInitThunk [0x7656FCC9+25]\nE       \tRtlGetAppContainerNamedObjectPath [0x77E37C6E+286]\nE       \tRtlGetAppContainerNamedObjectPath [0x77E37C3E+238]\n\nC:\\Users\\Veranika Rudzianok\\AppData\\Local\\Programs\\Python\\Python311\\Lib\\site-packages\\selenium\\webdriver\\support\\wait.py:95: TimeoutException"}, "description": "Test navigation bar", "steps": [{"name": "Open website", "status": "passed", "start": 1697995963763, "stop": 1697995965746}, {"name": "Click top logo", "status": "passed", "start": 1697995965746, "stop": 1697995966895}, {"name": "Open news page", "status": "passed", "start": 1697995966895, "stop": 1697995967508}, {"name": "Open Auto flea page", "status": "passed", "start": 1697995967508, "stop": 1697995970986}, {"name": "Open Houses and apartments page", "status": "passed", "start": 1697995970986, "stop": 1697995974685}, {"name": "Open Services page", "status": "broken", "statusDetails": {"message": "selenium.common.exceptions.TimeoutException: Message: \nStacktrace:\n\tGetHandleVerifier [0x00BF4DE3+43907]\n\t(No symbol) [0x00B80741]\n\t(No symbol) [0x00A733ED]\n\t(No symbol) [0x00AA6760]\n\t(No symbol) [0x00AA6C2B]\n\t(No symbol) [0x00AD6F62]\n\t(No symbol) [0x00AC2BA4]\n\t(No symbol) [0x00AD55CA]\n\t(No symbol) [0x00AC2956]\n\t(No symbol) [0x00A9E17E]\n\t(No symbol) [0x00A9F32D]\n\tGetHandleVerifier [0x00EA5AF9+2865305]\n\tGetHandleVerifier [0x00EEE78B+3163435]\n\tGetHandleVerifier [0x00EE8441+3138017]\n\tGetHandleVerifier [0x00C7E0F0+605840]\n\t(No symbol) [0x00B8A64C]\n\t(No symbol) [0x00B86638]\n\t(No symbol) [0x00B8675F]\n\t(No symbol) [0x00B78DB7]\n\tBaseThreadInitThunk [0x7656FCC9+25]\n\tRtlGetAppContainerNamedObjectPath [0x77E37C6E+286]\n\tRtlGetAppContainerNamedObjectPath [0x77E37C3E+238]\n\n", "trace": "  File \"C:\\PyCharmProjects\\1\\pages\\main_page.py\", line 129, in open_services\n    self.click_open_services_button()\n  File \"C:\\PyCharmProjects\\1\\pages\\main_page.py\", line 75, in click_open_services_button\n    self.get_open_services_button().click()\n    ^^^^^^^^^^^^^^^^^^^^^^^^^^^^^^^\n  File \"C:\\PyCharmProjects\\1\\pages\\main_page.py\", line 45, in get_open_services_button\n    return WebDriverWait(self.driver_g, 10).until(expected_conditions.element_to_be_clickable((By.XPATH, self.open_services_button)))\n           ^^^^^^^^^^^^^^^^^^^^^^^^^^^^^^^^^^^^^^^^^^^^^^^^^^^^^^^^^^^^^^^^^^^^^^^^^^^^^^^^^^^^^^^^^^^^^^^^^^^^^^^^^^^^^^^^^^^^^^^^^^\n  File \"C:\\Users\\Veranika Rudzianok\\AppData\\Local\\Programs\\Python\\Python311\\Lib\\site-packages\\selenium\\webdriver\\support\\wait.py\", line 95, in until\n    raise TimeoutException(message, screen, stacktrace)\n"}, "start": 1697995974685, "stop": 1697995984888}], "attachments": [{"name": "stdout", "source": "bc3fbdbc-f881-4210-b3c2-f702b1d9e09f-attachment.txt", "type": "text/plain"}], "start": 1697995962680, "stop": 1697995984890, "uuid": "b26e96b7-d708-4330-b6d0-0d85f5047ab8", "historyId": "aad3e05216d21409dfe0e393970ce5af", "testCaseId": "aad3e05216d21409dfe0e393970ce5af", "fullName": "tests.test_buy_laptop#test_navigation_bar", "labels": [{"name": "parentSuite", "value": "tests"}, {"name": "suite", "value": "test_buy_laptop"}, {"name": "host", "value": "DESKTOP-K83B305"}, {"name": "thread", "value": "24124-MainThread"}, {"name": "framework", "value": "pytest"}, {"name": "language", "value": "cpython3"}, {"name": "package", "value": "tests.test_buy_laptop"}]}