{"name": "test_buy_laptop", "status": "broken", "statusDetails": {"message": "selenium.common.exceptions.ElementClickInterceptedException: Message: element click intercepted: Element is not clickable at point (1362, 793)\n  (Session info: chrome=116.0.5845.111)\nStacktrace:\n\tGetHandleVerifier [0x00007FF6D1D852A2+57122]\n\t(No symbol) [0x00007FF6D1CFEA92]\n\t(No symbol) [0x00007FF6D1BCE3AB]\n\t(No symbol) [0x00007FF6D1C0D783]\n\t(No symbol) [0x00007FF6D1C0BD5F]\n\t(No symbol) [0x00007FF6D1C09DC8]\n\t(No symbol) [0x00007FF6D1C08FD5]\n\t(No symbol) [0x00007FF6D1BFF25F]\n\t(No symbol) [0x00007FF6D1C26FDA]\n\t(No symbol) [0x00007FF6D1BFEB76]\n\t(No symbol) [0x00007FF6D1C271F0]\n\t(No symbol) [0x00007FF6D1C3EB82]\n\t(No symbol) [0x00007FF6D1C26DB3]\n\t(No symbol) [0x00007FF6D1BFD2B1]\n\t(No symbol) [0x00007FF6D1BFE494]\n\tGetHandleVerifier [0x00007FF6D202EF82+2849794]\n\tGetHandleVerifier [0x00007FF6D2081D24+3189156]\n\tGetHandleVerifier [0x00007FF6D207ACAF+3160367]\n\tGetHandleVerifier [0x00007FF6D1E16D06+653702]\n\t(No symbol) [0x00007FF6D1D0A208]\n\t(No symbol) [0x00007FF6D1D062C4]\n\t(No symbol) [0x00007FF6D1D063F6]\n\t(No symbol) [0x00007FF6D1CF67A3]\n\tBaseThreadInitThunk [0x00007FFA4C267614+20]\n\tRtlUserThreadStart [0x00007FFA4C4E26B1+33]", "trace": "set_up = None\n\n    @allure.description(\"Test buy laptop\")\n    def test_buy_laptop(set_up):\n        options = webdriver.ChromeOptions()\n        options.add_experimental_option(\"detach\", True)\n        g = Service('C:\\\\PyCharmProjects\\\\1\\\\chromedriver.exe')\n        driver_g = webdriver.Chrome(options=options, service=g)\n        options.add_argument('--ignore-certificate-errors')\n        options.add_argument('--ignore-ssl-errors')\n        options.add_experimental_option('excludeSwitches', ['enable-logging'])\n    \n        \"\"\"Pages\"\"\"\n        main_page = MainPage(driver_g)\n        catalog_page = CatalogPage(driver_g)\n        comparison_page = ComparisonPage(driver_g)\n        laptop_page = LaptopPage(driver_g)\n        cart_page = CartPage(driver_g)\n        order_page = OrderPage(driver_g)\n    \n        \"\"\"Test run\"\"\"\n        main_page.open_website()\n        main_page.open_catalog()\n        catalog_page.open_computers_and_networks()\n        catalog_page.open_laptops_computers_monitors()\n        catalog_page.open_laptops()\n        catalog_page.close_popover()\n        catalog_page.check_laptops_title()\n        catalog_page.confirm_city()\n        catalog_page.check_city()\n        catalog_page.add_first_product_to_comparison()\n>       catalog_page.open_comparison_page()\n\ntests\\test_buy_laptop.py:121: \n_ _ _ _ _ _ _ _ _ _ _ _ _ _ _ _ _ _ _ _ _ _ _ _ _ _ _ _ _ _ _ _ _ _ _ _ _ _ _ _ _ _ _ _ _ _ _ _ _ _ _ _ _ _ _ _ _ _ _ _ _ _ _ _ _ _ _ _ _ _ _ _ _ _ _ _ _ _ _ _ _ _ _ _ _ _ _ _ _ _ _ _ _ _ _ _ _ _ _ _ _ _ _ _ _ _ _ _ _ _ _ _ _ _ _ _\npages\\catalog_page.py:308: in open_comparison_page\n    self.click_compare_products_button()\npages\\catalog_page.py:199: in click_compare_products_button\n    self.get_compare_button().click()\nC:\\Users\\Veranika Rudzianok\\AppData\\Local\\Programs\\Python\\Python311\\Lib\\site-packages\\selenium\\webdriver\\remote\\webelement.py:93: in click\n    self._execute(Command.CLICK_ELEMENT)\nC:\\Users\\Veranika Rudzianok\\AppData\\Local\\Programs\\Python\\Python311\\Lib\\site-packages\\selenium\\webdriver\\remote\\webelement.py:410: in _execute\n    return self._parent.execute(command, params)\nC:\\Users\\Veranika Rudzianok\\AppData\\Local\\Programs\\Python\\Python311\\Lib\\site-packages\\selenium\\webdriver\\remote\\webdriver.py:444: in execute\n    self.error_handler.check_response(response)\n_ _ _ _ _ _ _ _ _ _ _ _ _ _ _ _ _ _ _ _ _ _ _ _ _ _ _ _ _ _ _ _ _ _ _ _ _ _ _ _ _ _ _ _ _ _ _ _ _ _ _ _ _ _ _ _ _ _ _ _ _ _ _ _ _ _ _ _ _ _ _ _ _ _ _ _ _ _ _ _ _ _ _ _ _ _ _ _ _ _ _ _ _ _ _ _ _ _ _ _ _ _ _ _ _ _ _ _ _ _ _ _ _ _ _ _\n\nself = <selenium.webdriver.remote.errorhandler.ErrorHandler object at 0x0000020256ECB190>\nresponse = {'status': 400, 'value': '{\"value\":{\"error\":\"element click intercepted\",\"message\":\"element click intercepted: Element ...07FF6D1CF67A3]\\\\n\\\\tBaseThreadInitThunk [0x00007FFA4C267614+20]\\\\n\\\\tRtlUserThreadStart [0x00007FFA4C4E26B1+33]\\\\n\"}}'}\n\n    def check_response(self, response: Dict[str, Any]) -> None:\n        \"\"\"\n        Checks that a JSON response from the WebDriver does not have an error.\n    \n        :Args:\n         - response - The JSON response from the WebDriver server as a dictionary\n           object.\n    \n        :Raises: If the response contains an error message.\n        \"\"\"\n        status = response.get(\"status\", None)\n        if not status or status == ErrorCode.SUCCESS:\n            return\n        value = None\n        message = response.get(\"message\", \"\")\n        screen: str = response.get(\"screen\", \"\")\n        stacktrace = None\n        if isinstance(status, int):\n            value_json = response.get(\"value\", None)\n            if value_json and isinstance(value_json, str):\n                import json\n    \n                try:\n                    value = json.loads(value_json)\n                    if len(value.keys()) == 1:\n                        value = value[\"value\"]\n                    status = value.get(\"error\", None)\n                    if not status:\n                        status = value.get(\"status\", ErrorCode.UNKNOWN_ERROR)\n                        message = value.get(\"value\") or value.get(\"message\")\n                        if not isinstance(message, str):\n                            value = message\n                            message = message.get(\"message\")\n                    else:\n                        message = value.get(\"message\", None)\n                except ValueError:\n                    pass\n    \n        exception_class: Type[WebDriverException]\n        if status in ErrorCode.NO_SUCH_ELEMENT:\n            exception_class = NoSuchElementException\n        elif status in ErrorCode.NO_SUCH_FRAME:\n            exception_class = NoSuchFrameException\n        elif status in ErrorCode.NO_SUCH_SHADOW_ROOT:\n            exception_class = NoSuchShadowRootException\n        elif status in ErrorCode.NO_SUCH_WINDOW:\n            exception_class = NoSuchWindowException\n        elif status in ErrorCode.STALE_ELEMENT_REFERENCE:\n            exception_class = StaleElementReferenceException\n        elif status in ErrorCode.ELEMENT_NOT_VISIBLE:\n            exception_class = ElementNotVisibleException\n        elif status in ErrorCode.INVALID_ELEMENT_STATE:\n            exception_class = InvalidElementStateException\n        elif (\n            status in ErrorCode.INVALID_SELECTOR\n            or status in ErrorCode.INVALID_XPATH_SELECTOR\n            or status in ErrorCode.INVALID_XPATH_SELECTOR_RETURN_TYPER\n        ):\n            exception_class = InvalidSelectorException\n        elif status in ErrorCode.ELEMENT_IS_NOT_SELECTABLE:\n            exception_class = ElementNotSelectableException\n        elif status in ErrorCode.ELEMENT_NOT_INTERACTABLE:\n            exception_class = ElementNotInteractableException\n        elif status in ErrorCode.INVALID_COOKIE_DOMAIN:\n            exception_class = InvalidCookieDomainException\n        elif status in ErrorCode.UNABLE_TO_SET_COOKIE:\n            exception_class = UnableToSetCookieException\n        elif status in ErrorCode.TIMEOUT:\n            exception_class = TimeoutException\n        elif status in ErrorCode.SCRIPT_TIMEOUT:\n            exception_class = TimeoutException\n        elif status in ErrorCode.UNKNOWN_ERROR:\n            exception_class = WebDriverException\n        elif status in ErrorCode.UNEXPECTED_ALERT_OPEN:\n            exception_class = UnexpectedAlertPresentException\n        elif status in ErrorCode.NO_ALERT_OPEN:\n            exception_class = NoAlertPresentException\n        elif status in ErrorCode.IME_NOT_AVAILABLE:\n            exception_class = ImeNotAvailableException\n        elif status in ErrorCode.IME_ENGINE_ACTIVATION_FAILED:\n            exception_class = ImeActivationFailedException\n        elif status in ErrorCode.MOVE_TARGET_OUT_OF_BOUNDS:\n            exception_class = MoveTargetOutOfBoundsException\n        elif status in ErrorCode.JAVASCRIPT_ERROR:\n            exception_class = JavascriptException\n        elif status in ErrorCode.SESSION_NOT_CREATED:\n            exception_class = SessionNotCreatedException\n        elif status in ErrorCode.INVALID_ARGUMENT:\n            exception_class = InvalidArgumentException\n        elif status in ErrorCode.NO_SUCH_COOKIE:\n            exception_class = NoSuchCookieException\n        elif status in ErrorCode.UNABLE_TO_CAPTURE_SCREEN:\n            exception_class = ScreenshotException\n        elif status in ErrorCode.ELEMENT_CLICK_INTERCEPTED:\n            exception_class = ElementClickInterceptedException\n        elif status in ErrorCode.INSECURE_CERTIFICATE:\n            exception_class = InsecureCertificateException\n        elif status in ErrorCode.INVALID_COORDINATES:\n            exception_class = InvalidCoordinatesException\n        elif status in ErrorCode.INVALID_SESSION_ID:\n            exception_class = InvalidSessionIdException\n        elif status in ErrorCode.UNKNOWN_METHOD:\n            exception_class = UnknownMethodException\n        else:\n            exception_class = WebDriverException\n        if not value:\n            value = response[\"value\"]\n        if isinstance(value, str):\n            raise exception_class(value)\n        if message == \"\" and \"message\" in value:\n            message = value[\"message\"]\n    \n        screen = None  # type: ignore[assignment]\n        if \"screen\" in value:\n            screen = value[\"screen\"]\n    \n        stacktrace = None\n        st_value = value.get(\"stackTrace\") or value.get(\"stacktrace\")\n        if st_value:\n            if isinstance(st_value, str):\n                stacktrace = st_value.split(\"\\n\")\n            else:\n                stacktrace = []\n                try:\n                    for frame in st_value:\n                        line = frame.get(\"lineNumber\", \"\")\n                        file = frame.get(\"fileName\", \"<anonymous>\")\n                        if line:\n                            file = f\"{file}:{line}\"\n                        meth = frame.get(\"methodName\", \"<anonymous>\")\n                        if \"className\" in frame:\n                            meth = \"{}.{}\".format(frame[\"className\"], meth)\n                        msg = \"    at %s (%s)\"\n                        msg = msg % (meth, file)\n                        stacktrace.append(msg)\n                except TypeError:\n                    pass\n        if exception_class == UnexpectedAlertPresentException:\n            alert_text = None\n            if \"data\" in value:\n                alert_text = value[\"data\"].get(\"text\")\n            elif \"alert\" in value:\n                alert_text = value[\"alert\"].get(\"text\")\n            raise exception_class(message, screen, stacktrace, alert_text)  # type: ignore[call-arg]  # mypy is not smart enough here\n>       raise exception_class(message, screen, stacktrace)\nE       selenium.common.exceptions.ElementClickInterceptedException: Message: element click intercepted: Element is not clickable at point (1362, 793)\nE         (Session info: chrome=116.0.5845.111)\nE       Stacktrace:\nE       \tGetHandleVerifier [0x00007FF6D1D852A2+57122]\nE       \t(No symbol) [0x00007FF6D1CFEA92]\nE       \t(No symbol) [0x00007FF6D1BCE3AB]\nE       \t(No symbol) [0x00007FF6D1C0D783]\nE       \t(No symbol) [0x00007FF6D1C0BD5F]\nE       \t(No symbol) [0x00007FF6D1C09DC8]\nE       \t(No symbol) [0x00007FF6D1C08FD5]\nE       \t(No symbol) [0x00007FF6D1BFF25F]\nE       \t(No symbol) [0x00007FF6D1C26FDA]\nE       \t(No symbol) [0x00007FF6D1BFEB76]\nE       \t(No symbol) [0x00007FF6D1C271F0]\nE       \t(No symbol) [0x00007FF6D1C3EB82]\nE       \t(No symbol) [0x00007FF6D1C26DB3]\nE       \t(No symbol) [0x00007FF6D1BFD2B1]\nE       \t(No symbol) [0x00007FF6D1BFE494]\nE       \tGetHandleVerifier [0x00007FF6D202EF82+2849794]\nE       \tGetHandleVerifier [0x00007FF6D2081D24+3189156]\nE       \tGetHandleVerifier [0x00007FF6D207ACAF+3160367]\nE       \tGetHandleVerifier [0x00007FF6D1E16D06+653702]\nE       \t(No symbol) [0x00007FF6D1D0A208]\nE       \t(No symbol) [0x00007FF6D1D062C4]\nE       \t(No symbol) [0x00007FF6D1D063F6]\nE       \t(No symbol) [0x00007FF6D1CF67A3]\nE       \tBaseThreadInitThunk [0x00007FFA4C267614+20]\nE       \tRtlUserThreadStart [0x00007FFA4C4E26B1+33]\n\nC:\\Users\\Veranika Rudzianok\\AppData\\Local\\Programs\\Python\\Python311\\Lib\\site-packages\\selenium\\webdriver\\remote\\errorhandler.py:249: ElementClickInterceptedException"}, "description": "Test buy laptop", "steps": [{"name": "Open website", "status": "passed", "start": 1693247013334, "stop": 1693247015203}, {"name": "Open Catalog page", "status": "passed", "start": 1693247015203, "stop": 1693247016698}], "attachments": [{"name": "stdout", "source": "d5037ba9-8c9b-4a92-ab66-538cb0065141-attachment.txt", "type": "text/plain"}], "start": 1693247012329, "stop": 1693247024334, "uuid": "09c36c8c-e8ec-4ddd-b76b-0375cb768505", "historyId": "ecf0dddd39450c7d4d990ad127df7563", "testCaseId": "ecf0dddd39450c7d4d990ad127df7563", "fullName": "tests.test_buy_laptop#test_buy_laptop", "labels": [{"name": "parentSuite", "value": "tests"}, {"name": "suite", "value": "test_buy_laptop"}, {"name": "host", "value": "DESKTOP-K83B305"}, {"name": "thread", "value": "6968-MainThread"}, {"name": "framework", "value": "pytest"}, {"name": "language", "value": "cpython3"}, {"name": "package", "value": "tests.test_buy_laptop"}]}